"File: abs0717_nospi.c  Assembler  Version HGASM0202      Page 1


   1  0000              ; Generated by holtek-gcc v3.13, Wed Jul 18 22:34:57 2018
   2  0000              ; 
   3  0000              ; Configuration:
   4  0000              ;       with long instruction
   5  0000              ;       Multi-ROM, Multi-RAM
   6  0000              ;       bits_per_rom_unit:16
   7  0000              ;       with mp1
   8  0000              ;       with tbhp, address(0x9)
   9  0000              ;          Use tabrd-const
  10  0000              ;       
  11  0000              ; SFR address of long-instruction arch:
  12  0000              ;    mp0 = -1,1,0
  13  0000              ;    mp1 = 4,3,2
  14  0000              ;    mp2 = 14,13,12
  15  0000              ;    tbp = 9,7,8
  16  0000              ;    acc = 5
  17  0000              ;    pcl = 6
  18  0000              ;    status = 10
  19  0000              ;    bp = 11
  20  0000              ;    intc = 48
  21  0000              ;       
  22  0000              ; use 'tabrdc' instead of 'tabrd'
  23  0000              ;       
  24  0000              
  25  0000              #pragma translator "holtek-gcc 4.6.4" "3.13" "build 20130711"
  26  0000              ; Rebuild 26
  27  0000              
  28  0000              ir equ [2]
  29  0000              mp equ [3]
  30  0000              sbp equ [4]
  31  0000              acc equ [5]
  32  0000              bp equ [11]
  33  0000              tblp equ [7]
  34  0000              tbhp equ [9]
  35  0000              status equ [10]
  36  0000              c equ [10].0
  37  0000              ac equ [10].1
  38  0000              z equ [10].2
  39  0000              ov equ [10].3
  40  0000              cz equ [10].6
  41  0000              sc equ [10].7
  42  0000              intc equ [48]
  43  0000              
  44  0000              extern ra:byte
  45  0000              extern rb:byte
  46  0000              extern rc:byte
  47  0000              extern rd:byte
  48  0000              extern re:byte
  49  0000              extern rf:byte
  50  0000              extern rg:byte
  51  0000              extern rh:byte
  52  0000              extern _Crom2Prom:near
  53  0000              extern _Crom2PromNext:near
  54  0000              @HCCINIT	.section 'data'
  55  0000              @HCCINIT0	.section 'data'
  56  0000              
  57  0000              #pragma debug scope 1 1
  58  0000              	extern __DELAY3:near
  59  0000              	extern __DELAYX3:near
"File: abs0717_nospi.ASM  Assembler  Version HGASM0202      Page 2

  60  0000              	extern __DELAYX6:near
  61  0000              	extern __DELAYY5:near
  62  0000              	extern __DELAYY3:near
  63  0000              	extern _builtin_holtek_delay_2:byte
  64  0000              ___tm4c0 equ [336]
  65  0000              ___tm4c1 equ [337]
  66  0000              ___tm4al equ [340]
  67  0000              ___tm4ah equ [341]
  68  0000              ___intc3 equ [51]
  69  0000              ___mfi4 equ [56]
  70  0000              public _TM_Pin
  71  0000              #pragma debug scope 2 1

  59  0000              #line 59 "D:\IIIT\Desktop\盛群程式\abs0717_nospi\abs0717_nospi.c"
  59  0000              _TM_Pin .section 'code'
  59  0000              _TM_Pin proc
  60  0000              #line 60 "D:\IIIT\Desktop\盛群程式\abs0717_nospi\abs0717_nospi.c"
  60  0000  0F20        	mov a,32
  60  0001  80D0 0001   	lmov [336],a
  61  0003              #line 61 "D:\IIIT\Desktop\盛群程式\abs0717_nospi\abs0717_nospi.c"
  61  0003  0FC1        	mov a,193
  61  0004  80D1 0001   	lmov [337],a
  62  0006              #line 62 "D:\IIIT\Desktop\盛群程式\abs0717_nospi\abs0717_nospi.c"
  62  0006  0F88        	mov a,136
  62  0007  80D4 0001   	lmov [340],a
  62  0009  0F13        	mov a,19
  62  000A  80D5 0001   	lmov [341],a
  63  000C              #line 63 "D:\IIIT\Desktop\盛群程式\abs0717_nospi\abs0717_nospi.c"
  63  000C  3133        	set [51].2
  63  000D  30B8        	set [56].1
  64  000E              #line 64 "D:\IIIT\Desktop\盛群程式\abs0717_nospi\abs0717_nospi.c"
  64  000E  B1D0 0001   	lset [336].3
  65  0010              #line 65 "D:\IIIT\Desktop\盛群程式\abs0717_nospi\abs0717_nospi.c"
  65  0010  1F00     R  	clr _SEC[0]
  65  0011  0F64        	mov a,100
  65  0012  0080     R  	mov _R1sec[0],a
  65  0013  0F02        	mov a,2
  65  0014  0080     R  	mov _s[0],a
  65  0015  0003        	ret
  65  0016              _TM_Pin endp
  65  0016              #line 65 "D:\IIIT\Desktop\盛群程式\abs0717_nospi\abs0717_nospi.c"
  65  0016              #pragma debug scope 1 1
  65  0016              ___pec equ [35]
  65  0016              ___pepu equ [33]
  65  0016              ___pds2 equ [366]
  65  0016              ___tm2c0 equ [81]
  65  0016              ___tm2c1 equ [82]
  65  0016              ___tm2rp equ [87]
  65  0016              public _Moto_Pin
  65  0016              #pragma debug scope 3 1
  68  0016              #line 68 "D:\IIIT\Desktop\盛群程式\abs0717_nospi\abs0717_nospi.c"
  68  0000              _Moto_Pin .section 'code'
  68  0000              _Moto_Pin proc
  69  0000              #line 69 "D:\IIIT\Desktop\盛群程式\abs0717_nospi\abs0717_nospi.c"
  69  0000  3023        	set [35].0
  69  0001  3021        	set [33].0
  70  0002              #line 70 "D:\IIIT\Desktop\盛群程式\abs0717_nospi\abs0717_nospi.c"
  70  0002  30A3        	set [35].1
  70  0003  30A1        	set [33].1
  71  0004              #line 71 "D:\IIIT\Desktop\盛群程式\abs0717_nospi\abs0717_nospi.c"
"File: abs0717_nospi.c  Assembler  Version HGASM0202      Page 3

  71  0004  0F01        	mov a,1
  71  0005  80EE 0001   	lmov [366],a
  72  0007              #line 72 "D:\IIIT\Desktop\盛群程式\abs0717_nospi\abs0717_nospi.c"
  72  0007  1F51        	clr [81]
  73  0008              #line 73 "D:\IIIT\Desktop\盛群程式\abs0717_nospi\abs0717_nospi.c"
  73  0008  0FA8        	mov a,168
  73  0009  00D2        	mov [82],a
  74  000A              #line 74 "D:\IIIT\Desktop\盛群程式\abs0717_nospi\abs0717_nospi.c"
  74  000A  0FA0        	mov a,160
  74  000B  00D7        	mov [87],a
  75  000C              #line 75 "D:\IIIT\Desktop\盛群程式\abs0717_nospi\abs0717_nospi.c"
  75  000C  31D1        	set [81].3
  75  000D  0003        	ret
  75  000E              _Moto_Pin endp
  75  000E              #line 75 "D:\IIIT\Desktop\盛群程式\abs0717_nospi\abs0717_nospi.c"
  75  000E              #pragma debug scope 1 1
  75  000E              ___pac equ [19]
  75  000E              ___papu equ [17]
  75  000E              ___integ equ [57]
  75  000E              ___intc0 equ [48]
  75  000E              ___ifs0 equ [328]
  75  000E              ___ifs1 equ [329]
  75  000E              public _Interrupt_Pin
  75  000E              #pragma debug scope 4 1
  78  000E              #line 78 "D:\IIIT\Desktop\盛群程式\abs0717_nospi\abs0717_nospi.c"
  78  0000              _Interrupt_Pin .section 'code'
  78  0000              _Interrupt_Pin proc
  79  0000              #line 79 "D:\IIIT\Desktop\盛群程式\abs0717_nospi\abs0717_nospi.c"
  79  0000  3193        	set [19].3
  79  0001  3191        	set [17].3
  80  0002              #line 80 "D:\IIIT\Desktop\盛群程式\abs0717_nospi\abs0717_nospi.c"
  80  0002  0F05        	mov a,5
  80  0003  00B9        	mov [57],a
  81  0004              #line 81 "D:\IIIT\Desktop\盛群程式\abs0717_nospi\abs0717_nospi.c"
  81  0004  30B0        	set [48].1
  82  0005              #line 82 "D:\IIIT\Desktop\盛群程式\abs0717_nospi\abs0717_nospi.c"
  82  0005  9F48 0001   	lclr [328]
  83  0007              #line 83 "D:\IIIT\Desktop\盛群程式\abs0717_nospi\abs0717_nospi.c"
  83  0007  3213        	set [19].4
  83  0008  3211        	set [17].4
  84  0009              #line 84 "D:\IIIT\Desktop\盛群程式\abs0717_nospi\abs0717_nospi.c"
  84  0009  3130        	set [48].2
  85  000A              #line 85 "D:\IIIT\Desktop\盛群程式\abs0717_nospi\abs0717_nospi.c"
  85  000A  9F49 0001   	lclr [329]
  85  000C  0003        	ret
  85  000D              _Interrupt_Pin endp
  85  000D              #line 85 "D:\IIIT\Desktop\盛群程式\abs0717_nospi\abs0717_nospi.c"
  85  000D              #pragma debug scope 1 1
  85  000D              ___wdtc equ [62]
  85  000D              ___pbc equ [23]
  85  000D              public _main
  85  000D              #pragma debug scope 5 1
  44  000D              #line 44 "D:\IIIT\Desktop\盛群程式\abs0717_nospi\abs0717_nospi.c"
  44  000D              IFDEF WITH_DEFAULT_STARTUP
  44  000D              extern _main_initial0:near
  44  000D              extern _main_startup:near
  44  000D              ENDIF
  44  000D              
  44  000D              ROMBANK 0 @start
  44  0000              @start .section com_l 'code'
"File: abs0717_nospi.c  Assembler  Version HGASM0202      Page 4

  44  0000              _main_startup1:
  44  0000              @start .section com_e 'code'
  44  0000  0F00     R  	mov a,bank _main
  44  0001  008B        	mov bp,a
  44  0002  2800     R  	jmp _main
  44  0003              
  44  0000              _main .section 'code'
  44  0000              _main proc
  45  0000              #line 45 "D:\IIIT\Desktop\盛群程式\abs0717_nospi\abs0717_nospi.c"
  45  0000  0FAF        	mov a,175
  45  0001  00BE        	mov [62],a
  46  0002              #line 46 "D:\IIIT\Desktop\盛群程式\abs0717_nospi\abs0717_nospi.c"
  46  0002  3717        	clr [23].6
  46  0003  3797        	clr [23].7
  47  0004              #line 47 "D:\IIIT\Desktop\盛群程式\abs0717_nospi\abs0717_nospi.c"
  47  0004  1F00     R  	clr _RollSpeed[0]
  47  0005  1F00     R  	clr _RollSpeed[1]
  48  0006              #line 48 "D:\IIIT\Desktop\盛群程式\abs0717_nospi\abs0717_nospi.c"
  48  0006              	fcall _TM_Pin
  49  000D              #line 49 "D:\IIIT\Desktop\盛群程式\abs0717_nospi\abs0717_nospi.c"
  49  000D              	fcall _Moto_Pin
  50  0014              #line 50 "D:\IIIT\Desktop\盛群程式\abs0717_nospi\abs0717_nospi.c"
  50  0014              	fcall _Interrupt_Pin
  52  001B              #line 52 "D:\IIIT\Desktop\盛群程式\abs0717_nospi\abs0717_nospi.c"
  52  001B  3030        	set [48].0
  52  001C              _L5:
  52  001C  2800     R  	jmp _L5
  52  001D  2800     R  	jmp $
  52  001E              _main endp
  52  001E              
  52  001E              @dummy endp
  52  001E              
  52  001E              #line 52 "D:\IIIT\Desktop\盛群程式\abs0717_nospi\abs0717_nospi.c"
  52  001E              #pragma debug scope 1 1
  52  001E              ___pe equ [34]
  52  001E              public _Moto_control
  52  001E              #pragma debug scope 6 1
  88  001E              #line 88 "D:\IIIT\Desktop\盛群程式\abs0717_nospi\abs0717_nospi.c"
  88  0000              _Moto_control .section 'code'
  88  0000              _Moto_control proc
  94  0000              #line 94 "D:\IIIT\Desktop\盛群程式\abs0717_nospi\abs0717_nospi.c"
  94  0000  3C22        	sz [34].0
  94  0001  2800     R  	jmp _L8
  96  0002              #line 96 "D:\IIIT\Desktop\盛群程式\abs0717_nospi\abs0717_nospi.c"
  96  0002  1F00     R  	clr _Index[0]
  96  0003  1F00     R  	clr _Index[1]
  96  0004              _L8:
  99  0004              #line 99 "D:\IIIT\Desktop\盛群程式\abs0717_nospi\abs0717_nospi.c"
  99  0004  3CA2        	sz [34].1
  99  0005  2800     R  	jmp _L7
 101  0006              #line 101 "D:\IIIT\Desktop\盛群程式\abs0717_nospi\abs0717_nospi.c"
 101  0006  0FB4        	mov a,-76
 101  0007  0080     R  	mov _Index[0],a
 101  0008  1F00     R  	clr _Index[1]
 101  0009              _L7:
 101  0009  0003        	ret
 101  000A              _Moto_control endp
 101  000A              #line 101 "D:\IIIT\Desktop\盛群程式\abs0717_nospi\abs0717_nospi.c"
 101  000A              #pragma debug scope 1 1
 101  000A              public _Operation_Speed
"File: abs0717_nospi.c  Assembler  Version HGASM0202      Page 5

 101  000A              #pragma debug scope 7 1
 106  000A              #line 106 "D:\IIIT\Desktop\盛群程式\abs0717_nospi\abs0717_nospi.c"
 106  0000              _Operation_Speed .section 'code'
 106  0000              _Operation_Speed proc
 108  0000              #line 108 "D:\IIIT\Desktop\盛群程式\abs0717_nospi\abs0717_nospi.c"
 108  0000  0700     R  	mov a,_RollSpeed[0]  
 108  0001  0080     E  	mov _builtin_holtek_mulhi3_2[0],a  
 108  0002  0700     R  	mov a,_RollSpeed[1]  
 108  0003  0080     E  	mov _builtin_holtek_mulhi3_2[1],a
 108  0004  0F18        	mov a,24  
 108  0005  0080     E  	mov _builtin_holtek_mulhi3_2[2],a  
 108  0006  1F00     E  	clr _builtin_holtek_mulhi3_2[3]
 108  0007              	fcall _builtin_holtek_mulhi3
 108  000E  0700     E  	mov a,_builtin_holtek_mulhi3_2[4]  
 108  000F  0080     E  	mov rd,a  
 108  0010  0700     E  	mov a,_builtin_holtek_mulhi3_2[5]  
 108  0011  0080     E  	mov re,a
 108  0012  0700     E  	mov a,re
 108  0013  0080     E  	mov _builtin_holtek_mant1[1],a
 108  0014  0700     E  	mov a,rd
 108  0015  0080     E  	mov _builtin_holtek_mant1[0],a
 108  0016              	fcall _builtin_holtek_itod
 108  001D  0700     E  	mov a,_builtin_holtek_mant12p[0]
 108  001E  0080     E  	mov rg,a
 108  001F  0700     E  	mov a,_builtin_holtek_mant1[2]
 108  0020  0080     E  	mov rf,a
 108  0021  0700     E  	mov a,_builtin_holtek_mant1[1]
 108  0022  0080     E  	mov re,a
 108  0023  0700     E  	mov a,_builtin_holtek_mant1[0]
 108  0024  0080     E  	mov rd,a
 108  0025  0700     E  	mov a,rg
 108  0026  0080     E  	mov _builtin_holtek_mant12p[0],a
 108  0027  0700     E  	mov a,rf
 108  0028  0080     E  	mov _builtin_holtek_mant1[2],a
 108  0029  0700     E  	mov a,re
 108  002A  0080     E  	mov _builtin_holtek_mant1[1],a
 108  002B  0700     E  	mov a,rd
 108  002C  0080     E  	mov _builtin_holtek_mant1[0],a
 108  002D  0F40        	mov a,64
 108  002E  0080     E  	mov _builtin_holtek_mant12p[1],a
 108  002F  0F22        	mov a,34
 108  0030  0080     E  	mov _builtin_holtek_mant2[2],a
 108  0031  0F8F        	mov a,143
 108  0032  0080     E  	mov _builtin_holtek_mant2[1],a
 108  0033  0F5C        	mov a,92
 108  0034  0080     E  	mov _builtin_holtek_mant2[0],a
 108  0035              	fcall _builtin_holtek_dtmul
 108  003C  0700     E  	mov a,_builtin_holtek_mant12p[0]
 108  003D  0080     E  	mov rg,a
 108  003E  0700     E  	mov a,_builtin_holtek_mant1[2]
 108  003F  0080     E  	mov rf,a
 108  0040  0700     E  	mov a,_builtin_holtek_mant1[1]
 108  0041  0080     E  	mov re,a
 108  0042  0700     E  	mov a,_builtin_holtek_mant1[0]
 108  0043  0080     E  	mov rd,a
 108  0044  0700     E  	mov a,rg
 108  0045  0080     E  	mov _builtin_holtek_mant12p[0],a
 108  0046  0700     E  	mov a,rf
 108  0047  0080     E  	mov _builtin_holtek_mant1[2],a
 108  0048  0700     E  	mov a,re
"File: abs0717_nospi.c  Assembler  Version HGASM0202      Page 6

 108  0049  0080     E  	mov _builtin_holtek_mant1[1],a
 108  004A  0700     E  	mov a,rd
 108  004B  0080     E  	mov _builtin_holtek_mant1[0],a
 108  004C  0F42        	mov a,66
 108  004D  0080     E  	mov _builtin_holtek_mant12p[1],a
 108  004E  0F70        	mov a,112
 108  004F  0080     E  	mov _builtin_holtek_mant2[2],a
 108  0050  0F00        	mov a,0
 108  0051  0080     E  	mov _builtin_holtek_mant2[1],a
 108  0052  0F00        	mov a,0
 108  0053  0080     E  	mov _builtin_holtek_mant2[0],a
 108  0054              	fcall _builtin_holtek_dtmul
 108  005B  0700     E  	mov a,_builtin_holtek_mant12p[0]
 108  005C  0080     E  	mov rg,a
 108  005D  0700     E  	mov a,_builtin_holtek_mant1[2]
 108  005E  0080     E  	mov rf,a
 108  005F  0700     E  	mov a,_builtin_holtek_mant1[1]
 108  0060  0080     E  	mov re,a
 108  0061  0700     E  	mov a,_builtin_holtek_mant1[0]
 108  0062  0080     E  	mov rd,a
 108  0063  0700     E  	mov a,rg
 108  0064  0080     E  	mov _builtin_holtek_mant12p[0],a
 108  0065  0700     E  	mov a,rf
 108  0066  0080     E  	mov _builtin_holtek_mant1[2],a
 108  0067  0700     E  	mov a,re
 108  0068  0080     E  	mov _builtin_holtek_mant1[1],a
 108  0069  0700     E  	mov a,rd
 108  006A  0080     E  	mov _builtin_holtek_mant1[0],a
 108  006B  0F44        	mov a,68
 108  006C  0080     E  	mov _builtin_holtek_mant12p[1],a
 108  006D  0F7A        	mov a,122
 108  006E  0080     E  	mov _builtin_holtek_mant2[2],a
 108  006F  0F00        	mov a,0
 108  0070  0080     E  	mov _builtin_holtek_mant2[1],a
 108  0071  0F00        	mov a,0
 108  0072  0080     E  	mov _builtin_holtek_mant2[0],a
 108  0073              	fcall _builtin_holtek_dtdiv
 108  007A  0700     E  	mov a,_builtin_holtek_mant12p[0]
 108  007B  0080     E  	mov rg,a
 108  007C  0700     E  	mov a,_builtin_holtek_mant1[2]
 108  007D  0080     E  	mov rf,a
 108  007E  0700     E  	mov a,_builtin_holtek_mant1[1]
 108  007F  0080     E  	mov re,a
 108  0080  0700     E  	mov a,_builtin_holtek_mant1[0]
 108  0081  0080     E  	mov rd,a
 109  0082              #line 109 "D:\IIIT\Desktop\盛群程式\abs0717_nospi\abs0717_nospi.c"
 109  0082  1F00     R  	clr _RollSpeed[0]
 109  0083  1F00     R  	clr _RollSpeed[1]
 111  0084              #line 111 "D:\IIIT\Desktop\盛群程式\abs0717_nospi\abs0717_nospi.c"
 111  0084  0700     E  	mov a,rg
 111  0085  0080     E  	mov rc,a
 111  0086  0700     E  	mov a,rf
 111  0087  0080     E  	mov rb,a
 111  0088  0700     E  	mov a,re
 111  0089  0080     E  	mov ra,a
 111  008A  0003        	ret
 111  008B              _Operation_Speed endp
 111  008B              #line 111 "D:\IIIT\Desktop\盛群程式\abs0717_nospi\abs0717_nospi.c"
 111  008B              #pragma debug scope 1 1
 111  008B              ___pb equ [22]
"File: abs0717_nospi.c  Assembler  Version HGASM0202      Page 7

 111  008B              public _button_up
 111  008B              #pragma debug scope 8 1
 115  008B              #line 115 "D:\IIIT\Desktop\盛群程式\abs0717_nospi\abs0717_nospi.c"
 115  0000              @button_up_code .section at 4 'code'
 115  0000  0080     E  	mov r1,a
 115  0001  070B        	mov a, bp
 115  0002  1F0B        	clr bp
 115  0003  2800     R  	jmp _button_up
 115  0004              ROMBANK 0 _button_up
 115  0004              #pragma debug scope 1 1
 115  0004              @dummy4 endp
 115  0004              #pragma debug scope 9 1
 115  0000              _button_up .section 'code'
 115  0000              _button_up proc
 115  0000  0080     E  	mov r2,a
 115  0001  070A        	mov a, status
 115  0002  0080     E  	mov r3,a
 116  0003              #line 116 "D:\IIIT\Desktop\盛群程式\abs0717_nospi\abs0717_nospi.c"
 116  0003  3796        	clr [22].7
 117  0004              #line 117 "D:\IIIT\Desktop\盛群程式\abs0717_nospi\abs0717_nospi.c"
 117  0004  1480     R  	inc _RollSpeed[0]
 117  0005  3D0A        	sz z
 117  0006  1480     R  	inc _RollSpeed[1]
 118  0007              #line 118 "D:\IIIT\Desktop\盛群程式\abs0717_nospi\abs0717_nospi.c"
 118  0007  3630        	clr [48].4
 118  0008  0700     E  	mov a,r2
 118  0009  008B        	mov bp,a
 118  000A  0700     E  	mov a,r3
 118  000B  008A        	mov status,a
 118  000C  0700     E  	mov a,r1
 118  000D  0004        	reti
 118  000E              _button_up endp
 118  000E              
 118  000E              #line 118 "D:\IIIT\Desktop\盛群程式\abs0717_nospi\abs0717_nospi.c"
 118  000E              #pragma debug scope 1 1
 118  000E              public _Button_Down
 118  000E              #pragma debug scope 10 1
 122  000E              #line 122 "D:\IIIT\Desktop\盛群程式\abs0717_nospi\abs0717_nospi.c"
 122  0000              @Button_Down_code .section at 8 'code'
 122  0000  0080     E  	mov r1,a
 122  0001  070B        	mov a, bp
 122  0002  1F0B        	clr bp
 122  0003  2800     R  	jmp _Button_Down
 122  0004              ROMBANK 0 _Button_Down
 122  0004              #pragma debug scope 1 1
 122  0004              @dummy8 endp
 122  0004              #pragma debug scope 11 1
 122  0000              _Button_Down .section 'code'
 122  0000              _Button_Down proc
 122  0000  0080     E  	mov r2,a
 122  0001  070A        	mov a, status
 122  0002  0080     E  	mov r3,a
 123  0003              #line 123 "D:\IIIT\Desktop\盛群程式\abs0717_nospi\abs0717_nospi.c"
 123  0003  3396        	set [22].7
 124  0004              #line 124 "D:\IIIT\Desktop\盛群程式\abs0717_nospi\abs0717_nospi.c"
 124  0004  36B0        	clr [48].5
 124  0005  0700     E  	mov a,r2
 124  0006  008B        	mov bp,a
 124  0007  0700     E  	mov a,r3
 124  0008  008A        	mov status,a
"File: abs0717_nospi.c  Assembler  Version HGASM0202      Page 8

 124  0009  0700     E  	mov a,r1
 124  000A  0004        	reti
 124  000B              _Button_Down endp
 124  000B              
 124  000B              #line 124 "D:\IIIT\Desktop\盛群程式\abs0717_nospi\abs0717_nospi.c"
 124  000B              #pragma debug scope 1 1
 124  000B              public _ISR_STM
 124  000B              #pragma debug scope 12 1
 128  000B              #line 128 "D:\IIIT\Desktop\盛群程式\abs0717_nospi\abs0717_nospi.c"
 128  0000              @ISR_STM_code .section at 56 'code'
 128  0000  0080     E  	mov r1,a
 128  0001  070B        	mov a, bp
 128  0002  1F0B        	clr bp
 128  0003  2800     R  	jmp _ISR_STM
 128  0004              ROMBANK 0 _ISR_STM
 128  0004              #pragma debug scope 1 1
 128  0004              @dummy56 endp
 128  0004              #pragma debug scope 13 1
 128  0000              _ISR_STM .section 'code'
 128  0000              _ISR_STM proc
 128  0000  00          local _ISR_STM_2 db 1 dup(?)
 128  0000  0080     E  	mov r2,a
 128  0001  070A        	mov a, status
 128  0002  0080     E  	mov r3,a
 128  0003  0703        	mov a,mp
 128  0004  0080     E  	mov r4,a
 128  0005  0704        	mov a,sbp
 128  0006  0080     E  	mov r5,a
 128  0007  0707        	mov a,tblp
 128  0008  0080     E  	mov r6,a
 128  0009  0709        	mov a,tbhp
 128  000A  0080     E  	mov r7,a
 129  000B              #line 129 "D:\IIIT\Desktop\盛群程式\abs0717_nospi\abs0717_nospi.c"
 129  000B  1500     R  	deca _R1sec[0]
 129  000C  0080     E  	mov ra,a
 129  000D  0700     E  	mov a,ra
 129  000E  0080     R  	mov _R1sec[0],a
 129  000F  1080     E  	sz ra
 129  0010  2800     R  	jmp _L15
 132  0011              #line 132 "D:\IIIT\Desktop\盛群程式\abs0717_nospi\abs0717_nospi.c"
 132  0011  3316        	set [22].6
 133  0012              #line 133 "D:\IIIT\Desktop\盛群程式\abs0717_nospi\abs0717_nospi.c"
 133  0012  0F64        	mov a,100
 133  0013  0080     R  	mov _R1sec[0],a
 134  0014              #line 134 "D:\IIIT\Desktop\盛群程式\abs0717_nospi\abs0717_nospi.c"
 134  0014  0700     R  	mov a,_s[0]
 134  0015  0080     R  	mov _ISR_STM_2[0],a
 134  0016  0F02        	mov a,2
 134  0017  0200     R  	sub a,_ISR_STM_2[0]
 134  0018  380A        	snz c
 134  0019  2800     R  	jmp _L16
 135  001A              #line 135 "D:\IIIT\Desktop\盛群程式\abs0717_nospi\abs0717_nospi.c"
 135  001A              	fcall _Operation_Speed
 135  0021  0700     R  	mov a,_ISR_STM_2[0]
 135  0022  0080     E  	mov rd,a
 135  0023  1F00     E  	clr re
 135  0024  340A        	clr c
 135  0025  1A00     E  	rlca rd
 135  0026  0080     E  	mov rf,a
 135  0027  1A00     E  	rlca re
"File: abs0717_nospi.c  Assembler  Version HGASM0202      Page 9

 135  0028  0080     E  	mov rg,a
 135  0029  0700     E  	mov a,rf
 135  002A  0380     E  	addm a,rd
 135  002B  0700     E  	mov a,rg
 135  002C  1380     E  	adcm a,re
 135  002D  0F00     R  	mov a,low offset _SpeedArray
 135  002E  0300     E  	add a,rd
 135  002F  0083        	mov mp,a
 135  0030  0F00     R  	mov a,high offset _SpeedArray
 135  0031  1300     E  	adc a,re
 135  0032  0084        	mov sbp,a
 135  0033  0700     E  	mov a,ra
 135  0034  0082        	mov ir,a
 135  0035  1483        	inc mp
 135  0036  0700     E  	mov a,rb
 135  0037  0082        	mov ir,a
 135  0038  1483        	inc mp
 135  0039  0700     E  	mov a,rc
 135  003A  0082        	mov ir,a
 136  003B              #line 136 "D:\IIIT\Desktop\盛群程式\abs0717_nospi\abs0717_nospi.c"
 136  003B              	fcall _Operation_Speed
 136  0042  0700     E  	mov a,ra
 136  0043  0080     R  	mov _Speed[0],a
 136  0044  0700     E  	mov a,rb
 136  0045  0080     R  	mov _Speed[1],a
 136  0046  0700     E  	mov a,rc
 136  0047  0080     R  	mov _Speed[2],a
 137  0048              #line 137 "D:\IIIT\Desktop\盛群程式\abs0717_nospi\abs0717_nospi.c"
 137  0048  1580     R  	dec _s[0]
 137  0049  2800     R  	jmp _L17
 137  004A              _L16:
 139  004A              #line 139 "D:\IIIT\Desktop\盛群程式\abs0717_nospi\abs0717_nospi.c"
 139  004A  0F02        	mov a,2
 139  004B  0080     R  	mov _s[0],a
 140  004C              #line 140 "D:\IIIT\Desktop\盛群程式\abs0717_nospi\abs0717_nospi.c"
 140  004C              	fcall _Operation_Speed
 140  0053  0700     E  	mov a,ra
 140  0054  0080     R  	mov _SpeedArray[6],a
 140  0055  0700     E  	mov a,rb
 140  0056  0080     R  	mov _SpeedArray[7],a
 140  0057  0700     E  	mov a,rc
 140  0058  0080     R  	mov _SpeedArray[8],a
 141  0059              #line 141 "D:\IIIT\Desktop\盛群程式\abs0717_nospi\abs0717_nospi.c"
 141  0059              	fcall _Operation_Speed
 141  0060  0700     E  	mov a,ra
 141  0061  0080     R  	mov _Speed[0],a
 141  0062  0700     E  	mov a,rb
 141  0063  0080     R  	mov _Speed[1],a
 141  0064  0700     E  	mov a,rc
 141  0065  0080     R  	mov _Speed[2],a
 141  0066              _L17:
 143  0066              #line 143 "D:\IIIT\Desktop\盛群程式\abs0717_nospi\abs0717_nospi.c"
 143  0066  1400     R  	inca _SEC[0]
 143  0067  0080     E  	mov ra,a
 143  0068  0700     E  	mov a,ra
 143  0069  0080     R  	mov _SEC[0],a
 143  006A  0700     E  	mov a,ra
 143  006B  0A05        	sub a,5
 143  006C  390A        	snz z
 143  006D  2800     R  	jmp _L15
"File: abs0717_nospi.c  Assembler  Version HGASM0202      Page 10

 145  006E              #line 145 "D:\IIIT\Desktop\盛群程式\abs0717_nospi\abs0717_nospi.c"
 145  006E  3716        	clr [22].6
 146  006F              #line 146 "D:\IIIT\Desktop\盛群程式\abs0717_nospi\abs0717_nospi.c"
 146  006F  1F00     R  	clr _SEC[0]
 146  0070              _L15:
 150  0070              #line 150 "D:\IIIT\Desktop\盛群程式\abs0717_nospi\abs0717_nospi.c"
 150  0070  36B8        	clr [56].5
 150  0071  0700     E  	mov a,r2
 150  0072  008B        	mov bp,a
 150  0073  0700     E  	mov a,r3
 150  0074  008A        	mov status,a
 150  0075  0700     E  	mov a,r4
 150  0076  0083        	mov mp,a
 150  0077  0700     E  	mov a,r5
 150  0078  0084        	mov sbp,a
 150  0079  0700     E  	mov a,r6
 150  007A  0087        	mov tblp,a
 150  007B  0700     E  	mov a,r7
 150  007C  0089        	mov tbhp,a
 150  007D  1D05        	tabrdc acc
 150  007E  0700     E  	mov a,r1
 150  007F  0004        	reti
 150  0080              _ISR_STM endp
 150  0080              
 150  0080              #line 150 "D:\IIIT\Desktop\盛群程式\abs0717_nospi\abs0717_nospi.c"
 150  0080              #pragma debug scope 1 1
 150  0080              public _Delay100us
 150  0080              #pragma debug scope 14 1
 154  0080              #line 154 "D:\IIIT\Desktop\盛群程式\abs0717_nospi\abs0717_nospi.c"
 154  0000              _Delay100us .section 'code'
 154  0000              _Delay100us proc
 154  0000              public _Delay100us_2
 154  0000  0002[           local _Delay100us_2 db 2 dup(?)	; 2,0
            00
            ]
 154  0002              #pragma debug variable 10 14 _Delay100us_2+0 "del"
 155  0000              #line 155 "D:\IIIT\Desktop\盛群程式\abs0717_nospi\abs0717_nospi.c"
 155  0000  1F00     E  	clr rb
 155  0001  1F00     E  	clr rc
 155  0002              _L20:
 155  0002              #line 155 "D:\IIIT\Desktop\盛群程式\abs0717_nospi\abs0717_nospi.c"
 155  0002  0700     E  	mov a,rb
 155  0003  0200     R  	sub a,_Delay100us_2[0]
 155  0004  0700     E  	mov a,rc
 155  0005  1200     R  	sbc a,_Delay100us_2[1]
 155  0006  3F0A        	sz cz
 155  0007  2800     R  	jmp _L19
 155  0008  1F00     E  	clr ra
 155  0009              _L23:
 156  0009              #line 156 "D:\IIIT\Desktop\盛群程式\abs0717_nospi\abs0717_nospi.c"
 156  0009              ;# 156 "D:\IIIT\Desktop\盛群程式\abs0717_nospi\abs0717_nospi.c" 1
 156  0009  0000        	nop
 156  000A  1480     E  	inc ra
 156  000B  0700     E  	mov a,ra
 156  000C  0A1A        	sub a,26
 156  000D  390A        	snz z
 156  000E  2800     R  	jmp _L23
 155  000F              #line 155 "D:\IIIT\Desktop\盛群程式\abs0717_nospi\abs0717_nospi.c"
 155  000F  1480     E  	inc rb
 155  0010  3D0A        	sz z
"File: abs0717_nospi.c  Assembler  Version HGASM0202      Page 11

 155  0011  1480     E  	inc rc
 155  0012  2800     R  	jmp _L20
 155  0013              _L19:
 155  0013  0003        	ret
 155  0014              _Delay100us endp
 155  0014              #line 155 "D:\IIIT\Desktop\盛群程式\abs0717_nospi\abs0717_nospi.c"
 155  0014              #pragma debug scope 1 1
  33  0014              #line 33 "D:\IIIT\Desktop\盛群程式\abs0717_nospi\abs0717_nospi.c"
  33  0014              public _SpeedArray
  33  0000              @HCCINIT0_SpeedArray .section 'data'
  33  0000  0009[       _SpeedArray	db 9 dup(0)
            00
            ]
  33  0009              #pragma debug array 42 28 3 1
  33  0009              #pragma debug array 42 28 3 1
  33  0009              #pragma debug variable 42 1 _SpeedArray "SpeedArray"
  33  0009              
  33  0000              @HCCINIT .section 'data'
  33  0000              #line 33 "D:\IIIT\Desktop\盛群程式\abs0717_nospi\abs0717_nospi.c"
  33  0000              public _Speed
  33  0000              @HCCINIT0_Speed .section 'data'
  33  0000  0003[       _Speed	db 3 dup(0)
            00
            ]
  33  0003              #pragma debug variable 28 1 _Speed "Speed"
  33  0003              
  33  0000              @HCCINIT .section 'data'
  33  0000              public _Index
  33  0000              @HCCINIT	.section 'data'
  31  0000              #line 31 "D:\IIIT\Desktop\盛群程式\abs0717_nospi\abs0717_nospi.c"
  31  0000              @HCCINIT_Index .section 'data'
  31  0000              _Index label byte
  31  0000              #pragma debug variable 9 1 _Index "Index"
  31  0000              	dw 100
  31  0000              @ROMDATA_BASE .section inpage 'code'
  31  0000  0064        	dc 100
  31  0002              @HCCINIT_Index .section 'data'
  31  0002              #line 31 "D:\IIIT\Desktop\盛群程式\abs0717_nospi\abs0717_nospi.c"
  31  0002              public _temp
  31  0000              @HCCINIT0_temp .section 'data'
  31  0000  0002[       _temp	db 2 dup(0)
            00
            ]
  31  0002              #pragma debug variable 9 1 _temp "temp"
  31  0002              
  31  0000              @HCCINIT .section 'data'
  31  0000              #line 31 "D:\IIIT\Desktop\盛群程式\abs0717_nospi\abs0717_nospi.c"
  31  0000              public _RollSpeed
  31  0000              @HCCINIT0_RollSpeed .section 'data'
  31  0000  0002[       _RollSpeed	db 2 dup(0)
            00
            ]
  31  0002              #pragma debug variable 9 1 _RollSpeed "RollSpeed"
  31  0002              
  31  0000              @HCCINIT .section 'data'
  29  0000              #line 29 "D:\IIIT\Desktop\盛群程式\abs0717_nospi\abs0717_nospi.c"
  29  0000              public _s
  29  0000              @HCCINIT0_s .section 'data'
  29  0000              _s	db 0
  29  0001              #pragma debug variable 8 1 _s "s"
"File: abs0717_nospi.c  Assembler  Version HGASM0202      Page 12

  29  0001              
  29  0000              @HCCINIT .section 'data'
  29  0000              #line 29 "D:\IIIT\Desktop\盛群程式\abs0717_nospi\abs0717_nospi.c"
  29  0000              public _R1sec
  29  0000              @HCCINIT0_R1sec .section 'data'
  29  0000              _R1sec	db 0
  29  0001              #pragma debug variable 8 1 _R1sec "R1sec"
  29  0001              
  29  0000              @HCCINIT .section 'data'
  29  0000              #line 29 "D:\IIIT\Desktop\盛群程式\abs0717_nospi\abs0717_nospi.c"
  29  0000              public _SEC
  29  0000              @HCCINIT0_SEC .section 'data'
  29  0000              _SEC	db 0
  29  0001              #pragma debug variable 8 1 _SEC "SEC"
  29  0001              
  29  0000              @HCCINIT .section 'data'
  29  0000              #pragma debug struct_end
  29  0000              #pragma debug struct_end
  29  0000              #pragma debug union_end
  29  0000              #pragma debug union_end
  29  0000              #pragma debug variable 44 1 ___papu "__papu" 1
  29  0000              #pragma debug struct_end
  29  0000              #pragma debug struct_end
  29  0000              #pragma debug union_end
  29  0000              #pragma debug union_end
  29  0000              #pragma debug variable 46 1 ___pac "__pac" 1
  29  0000              #pragma debug struct_end
  29  0000              #pragma debug struct_end
  29  0000              #pragma debug union_end
  29  0000              #pragma debug union_end
  29  0000              #pragma debug variable 48 1 ___pb "__pb" 1
  29  0000              #pragma debug struct_end
  29  0000              #pragma debug struct_end
  29  0000              #pragma debug union_end
  29  0000              #pragma debug union_end
  29  0000              #pragma debug variable 50 1 ___pbc "__pbc" 1
  29  0000              #pragma debug struct_end
  29  0000              #pragma debug struct_end
  29  0000              #pragma debug union_end
  29  0000              #pragma debug union_end
  29  0000              #pragma debug variable 52 1 ___pepu "__pepu" 1
  29  0000              #pragma debug struct_end
  29  0000              #pragma debug struct_end
  29  0000              #pragma debug union_end
  29  0000              #pragma debug union_end
  29  0000              #pragma debug variable 54 1 ___pe "__pe" 1
  29  0000              #pragma debug struct_end
  29  0000              #pragma debug struct_end
  29  0000              #pragma debug union_end
  29  0000              #pragma debug union_end
  29  0000              #pragma debug variable 56 1 ___pec "__pec" 1
  29  0000              #pragma debug struct_end
  29  0000              #pragma debug struct_end
  29  0000              #pragma debug union_end
  29  0000              #pragma debug union_end
  29  0000              #pragma debug variable 58 1 ___intc0 "__intc0" 1
  29  0000              #pragma debug struct_end
  29  0000              #pragma debug struct_end
  29  0000              #pragma debug union_end
  29  0000              #pragma debug union_end
"File: abs0717_nospi.c  Assembler  Version HGASM0202      Page 13

  29  0000              #pragma debug variable 60 1 ___intc3 "__intc3" 1
  29  0000              #pragma debug struct_end
  29  0000              #pragma debug struct_end
  29  0000              #pragma debug union_end
  29  0000              #pragma debug union_end
  29  0000              #pragma debug variable 62 1 ___mfi4 "__mfi4" 1
  29  0000              #pragma debug struct_end
  29  0000              #pragma debug struct_end
  29  0000              #pragma debug union_end
  29  0000              #pragma debug union_end
  29  0000              #pragma debug variable 64 1 ___integ "__integ" 1
  29  0000              #pragma debug struct_end
  29  0000              #pragma debug struct_end
  29  0000              #pragma debug union_end
  29  0000              #pragma debug union_end
  29  0000              #pragma debug variable 66 1 ___wdtc "__wdtc" 1
  29  0000              #pragma debug struct_end
  29  0000              #pragma debug struct_end
  29  0000              #pragma debug union_end
  29  0000              #pragma debug union_end
  29  0000              #pragma debug variable 68 1 ___tm2c0 "__tm2c0" 1
  29  0000              #pragma debug struct_end
  29  0000              #pragma debug struct_end
  29  0000              #pragma debug union_end
  29  0000              #pragma debug union_end
  29  0000              #pragma debug variable 70 1 ___tm2c1 "__tm2c1" 1
  29  0000              #pragma debug variable 8 1 ___tm2rp "__tm2rp" 1
  29  0000              #pragma debug struct_end
  29  0000              #pragma debug struct_end
  29  0000              #pragma debug union_end
  29  0000              #pragma debug union_end
  29  0000              #pragma debug variable 72 1 ___ifs0 "__ifs0" 1
  29  0000              #pragma debug struct_end
  29  0000              #pragma debug struct_end
  29  0000              #pragma debug union_end
  29  0000              #pragma debug union_end
  29  0000              #pragma debug variable 74 1 ___ifs1 "__ifs1" 1
  29  0000              #pragma debug struct_end
  29  0000              #pragma debug struct_end
  29  0000              #pragma debug union_end
  29  0000              #pragma debug union_end
  29  0000              #pragma debug variable 76 1 ___tm4c0 "__tm4c0" 1
  29  0000              #pragma debug struct_end
  29  0000              #pragma debug struct_end
  29  0000              #pragma debug union_end
  29  0000              #pragma debug union_end
  29  0000              #pragma debug variable 78 1 ___tm4c1 "__tm4c1" 1
  29  0000              #pragma debug variable 8 1 ___tm4al "__tm4al" 1
  29  0000              #pragma debug variable 8 1 ___tm4ah "__tm4ah" 1
  29  0000              #pragma debug struct_end
  29  0000              #pragma debug struct_end
  29  0000              #pragma debug union_end
  29  0000              #pragma debug union_end
  29  0000              #pragma debug variable 80 1 ___pds2 "__pds2" 1
  29  0000              IFDEF ISR_SYSTEM_STACK_BEFORE_2014_12_23
  29  0000              ELSE
  29  0000              extern r1:byte
  29  0000              extern r2:byte
  29  0000              extern r3:byte
  29  0000              extern r4:byte
"File: abs0717_nospi.c  Assembler  Version HGASM0202      Page 14

  29  0000              extern r5:byte
  29  0000              extern r6:byte
  29  0000              extern r7:byte
  29  0000              ENDIF
  44  0000              #line 44 "D:\IIIT\Desktop\盛群程式\abs0717_nospi\abs0717_nospi.c"
  44  0000              @code .section at 0 'code'
  44  0000  1F0B        	clr bp
  44  0001  2800     R  	jmp _main_startup1
  44  0002              
  44  0002              extern _builtin_holtek_mulhi3_2:byte
  44  0002              extern _builtin_holtek_mulhi3:near
  44  0002              extern _builtin_holtek_mant1:byte
  44  0002              extern _builtin_holtek_mant12p:byte
  44  0002              extern _builtin_holtek_itod:near
  44  0002              extern _builtin_holtek_mant2:byte
  44  0002              extern _builtin_holtek_dtmul:near
  44  0002              extern _builtin_holtek_dtdiv:near
  44  0002              
  44  0002              ; 
  44  0002              ; Generated by holtek-gcc v3.13, Wed Jul 18 22:34:57 2018
  44  0002              ; Rebuild 26
  44  0002              ; end of file


        0 Errors, 0